---------------------------------------------------------------
[ 2018-05-14T00:10:22+08:00 ] 127.0.0.1 GET /
[ sql ] [ DB ] CONNECT:[ UseTime:0.017001s ] mysql:host=127.0.0.1;port=3306;dbname=market_shop;charset=utf8
[ sql ] [ SQL ] SHOW COLUMNS FROM `o2o_user` [ RunTime:0.012001s ]
[ sql ] [ SQL ] SELECT * FROM `o2o_user` WHERE  `id` IN (1) LIMIT 1 [ RunTime:0.000000s ]
---------------------------------------------------------------
[ 2018-05-14T00:10:27+08:00 ] 127.0.0.1 GET /Category/index
[ sql ] [ DB ] CONNECT:[ UseTime:0.012001s ] mysql:host=127.0.0.1;port=3306;dbname=market_shop;charset=utf8
[ sql ] [ SQL ] SHOW COLUMNS FROM `o2o_user` [ RunTime:0.013000s ]
[ sql ] [ SQL ] SELECT * FROM `o2o_user` WHERE  `id` IN (1) LIMIT 1 [ RunTime:0.001000s ]
[ sql ] [ SQL ] SHOW COLUMNS FROM `o2o_category` [ RunTime:0.013000s ]
[ sql ] [ SQL ] SELECT * FROM `o2o_category` WHERE  `status` <> -1  AND `parent_id` = 0 ORDER BY `listorder` DESC,`id` DESC [ RunTime:0.001000s ]
---------------------------------------------------------------
[ 2018-05-14T00:11:39+08:00 ] 127.0.0.1 GET /Category/index
[ sql ] [ DB ] CONNECT:[ UseTime:0.012001s ] mysql:host=127.0.0.1;port=3306;dbname=market_shop;charset=utf8
[ sql ] [ SQL ] SHOW COLUMNS FROM `o2o_user` [ RunTime:0.012001s ]
[ sql ] [ SQL ] SELECT * FROM `o2o_user` WHERE  `id` IN (1) LIMIT 1 [ RunTime:0.000000s ]
[ sql ] [ SQL ] SHOW COLUMNS FROM `o2o_category` [ RunTime:0.012001s ]
[ sql ] [ SQL ] SELECT * FROM `o2o_category` WHERE  `status` <> -1  AND `parent_id` = 0 ORDER BY `listorder` DESC,`id` DESC [ RunTime:0.000000s ]
---------------------------------------------------------------
[ 2018-05-14T00:11:40+08:00 ] 127.0.0.1 GET /Category/index
[ sql ] [ DB ] CONNECT:[ UseTime:0.010000s ] mysql:host=127.0.0.1;port=3306;dbname=market_shop;charset=utf8
[ sql ] [ SQL ] SHOW COLUMNS FROM `o2o_user` [ RunTime:0.012001s ]
[ sql ] [ SQL ] SELECT * FROM `o2o_user` WHERE  `id` IN (1) LIMIT 1 [ RunTime:0.001000s ]
[ sql ] [ SQL ] SHOW COLUMNS FROM `o2o_category` [ RunTime:0.012001s ]
[ sql ] [ SQL ] SELECT * FROM `o2o_category` WHERE  `status` <> -1  AND `parent_id` = 0 ORDER BY `listorder` DESC,`id` DESC [ RunTime:0.000000s ]
---------------------------------------------------------------
[ 2018-05-14T00:11:40+08:00 ] 127.0.0.1 GET /Category/index
[ sql ] [ DB ] CONNECT:[ UseTime:0.012000s ] mysql:host=127.0.0.1;port=3306;dbname=market_shop;charset=utf8
[ sql ] [ SQL ] SHOW COLUMNS FROM `o2o_user` [ RunTime:0.014001s ]
[ sql ] [ SQL ] SELECT * FROM `o2o_user` WHERE  `id` IN (1) LIMIT 1 [ RunTime:0.001000s ]
[ sql ] [ SQL ] SHOW COLUMNS FROM `o2o_category` [ RunTime:0.012001s ]
[ sql ] [ SQL ] SELECT * FROM `o2o_category` WHERE  `status` <> -1  AND `parent_id` = 0 ORDER BY `listorder` DESC,`id` DESC [ RunTime:0.001000s ]
---------------------------------------------------------------
[ 2018-05-14T00:12:03+08:00 ] 127.0.0.1 GET /Category/index
[ sql ] [ DB ] CONNECT:[ UseTime:0.011001s ] mysql:host=127.0.0.1;port=3306;dbname=market_shop;charset=utf8
[ sql ] [ SQL ] SHOW COLUMNS FROM `o2o_user` [ RunTime:0.012001s ]
[ sql ] [ SQL ] SELECT * FROM `o2o_user` WHERE  `id` IN (1) LIMIT 1 [ RunTime:0.000000s ]
---------------------------------------------------------------
[ 2018-05-14T00:15:05+08:00 ] 127.0.0.1 GET /Category/index
[ sql ] [ DB ] CONNECT:[ UseTime:0.012000s ] mysql:host=127.0.0.1;port=3306;dbname=market_shop;charset=utf8
[ sql ] [ SQL ] SHOW COLUMNS FROM `o2o_user` [ RunTime:0.014001s ]
[ sql ] [ SQL ] SELECT * FROM `o2o_user` WHERE  `id` IN (1) LIMIT 1 [ RunTime:0.001000s ]
[ sql ] [ SQL ] SHOW COLUMNS FROM `o2o_category` [ RunTime:0.012001s ]
[ sql ] [ SQL ] SELECT * FROM `o2o_category` WHERE  `status` <> -1  AND `parent_id` = 0 ORDER BY `listorder` DESC,`id` DESC [ RunTime:0.001000s ]
---------------------------------------------------------------
[ 2018-05-14T00:15:15+08:00 ] 127.0.0.1 GET /Category/index
[ sql ] [ DB ] CONNECT:[ UseTime:0.002000s ] mysql:host=127.0.0.1;port=3306;dbname=market_shop;charset=utf8
[ sql ] [ SQL ] SHOW COLUMNS FROM `o2o_user` [ RunTime:0.012001s ]
[ sql ] [ SQL ] SELECT * FROM `o2o_user` WHERE  `id` IN (1) LIMIT 1 [ RunTime:0.000000s ]
[ sql ] [ SQL ] SHOW COLUMNS FROM `o2o_category` [ RunTime:0.012000s ]
[ sql ] [ SQL ] SELECT * FROM `o2o_category` WHERE  `status` <> -1  AND `parent_id` = 0 ORDER BY `listorder` DESC,`id` DESC [ RunTime:0.001000s ]
[ error ] [2]strpos() expects parameter 1 to be string, array given
---------------------------------------------------------------
[ 2018-05-14T00:18:56+08:00 ] 127.0.0.1 GET /Category/index
[ sql ] [ DB ] CONNECT:[ UseTime:0.009000s ] mysql:host=127.0.0.1;port=3306;dbname=market_shop;charset=utf8
[ sql ] [ SQL ] SHOW COLUMNS FROM `o2o_user` [ RunTime:0.015001s ]
[ sql ] [ SQL ] SELECT * FROM `o2o_user` WHERE  `id` IN (1) LIMIT 1 [ RunTime:0.002000s ]
[ sql ] [ SQL ] SHOW COLUMNS FROM `o2o_category` [ RunTime:0.012001s ]
[ sql ] [ SQL ] SELECT * FROM `o2o_category` WHERE  `status` <> -1  AND `parent_id` = 0 ORDER BY `listorder` DESC,`id` DESC [ RunTime:0.000000s ]
[ error ] [8]未定义变量: category
---------------------------------------------------------------
[ 2018-05-14T00:22:21+08:00 ] 127.0.0.1 GET /Category/index
[ sql ] [ DB ] CONNECT:[ UseTime:0.015001s ] mysql:host=127.0.0.1;port=3306;dbname=market_shop;charset=utf8
[ sql ] [ SQL ] SHOW COLUMNS FROM `o2o_user` [ RunTime:0.013001s ]
[ sql ] [ SQL ] SELECT * FROM `o2o_user` WHERE  `id` IN (1) LIMIT 1 [ RunTime:0.000000s ]
[ sql ] [ SQL ] SHOW COLUMNS FROM `o2o_category` [ RunTime:0.015001s ]
[ sql ] [ SQL ] SELECT * FROM `o2o_category` WHERE  `status` <> -1  AND `parent_id` = 0 ORDER BY `listorder` DESC,`id` DESC [ RunTime:0.001000s ]
[ error ] [2]strpos() expects parameter 1 to be string, array given
---------------------------------------------------------------
[ 2018-05-14T00:29:46+08:00 ] 127.0.0.1 GET /Category/index
[ sql ] [ DB ] CONNECT:[ UseTime:0.008000s ] mysql:host=127.0.0.1;port=3306;dbname=market_shop;charset=utf8
[ sql ] [ SQL ] SHOW COLUMNS FROM `o2o_user` [ RunTime:0.013001s ]
[ sql ] [ SQL ] SELECT * FROM `o2o_user` WHERE  `id` IN (1) LIMIT 1 [ RunTime:0.000000s ]
[ sql ] [ SQL ] SHOW COLUMNS FROM `o2o_category` [ RunTime:0.012001s ]
[ sql ] [ SQL ] SELECT * FROM `o2o_category` WHERE  `status` <> -1  AND `parent_id` = 0 ORDER BY `listorder` DESC,`id` DESC [ RunTime:0.001000s ]
[ error ] [2]strpos() expects parameter 1 to be string, array given
---------------------------------------------------------------
[ 2018-05-14T00:29:47+08:00 ] 127.0.0.1 GET /Category/index
[ sql ] [ DB ] CONNECT:[ UseTime:0.012001s ] mysql:host=127.0.0.1;port=3306;dbname=market_shop;charset=utf8
[ sql ] [ SQL ] SHOW COLUMNS FROM `o2o_user` [ RunTime:0.013001s ]
[ sql ] [ SQL ] SELECT * FROM `o2o_user` WHERE  `id` IN (1) LIMIT 1 [ RunTime:0.001000s ]
[ sql ] [ SQL ] SHOW COLUMNS FROM `o2o_category` [ RunTime:0.012000s ]
[ sql ] [ SQL ] SELECT * FROM `o2o_category` WHERE  `status` <> -1  AND `parent_id` = 0 ORDER BY `listorder` DESC,`id` DESC [ RunTime:0.000000s ]
[ error ] [2]strpos() expects parameter 1 to be string, array given
---------------------------------------------------------------
[ 2018-05-14T00:31:34+08:00 ] 127.0.0.1 GET /Category/index
[ sql ] [ DB ] CONNECT:[ UseTime:0.011001s ] mysql:host=127.0.0.1;port=3306;dbname=market_shop;charset=utf8
[ sql ] [ SQL ] SHOW COLUMNS FROM `o2o_user` [ RunTime:0.012001s ]
[ sql ] [ SQL ] SELECT * FROM `o2o_user` WHERE  `id` IN (1) LIMIT 1 [ RunTime:0.000000s ]
[ sql ] [ SQL ] SHOW COLUMNS FROM `o2o_category` [ RunTime:0.012001s ]
[ sql ] [ SQL ] SELECT * FROM `o2o_category` WHERE  `status` <> -1  AND `parent_id` = 0 ORDER BY `listorder` DESC,`id` DESC [ RunTime:0.001000s ]
[ error ] [2]strpos() expects parameter 1 to be string, array given
---------------------------------------------------------------
[ 2018-05-14T00:31:35+08:00 ] 127.0.0.1 GET /Category/index
[ sql ] [ DB ] CONNECT:[ UseTime:0.012000s ] mysql:host=127.0.0.1;port=3306;dbname=market_shop;charset=utf8
[ sql ] [ SQL ] SHOW COLUMNS FROM `o2o_user` [ RunTime:0.012001s ]
[ sql ] [ SQL ] SELECT * FROM `o2o_user` WHERE  `id` IN (1) LIMIT 1 [ RunTime:0.000000s ]
[ sql ] [ SQL ] SHOW COLUMNS FROM `o2o_category` [ RunTime:0.013001s ]
[ sql ] [ SQL ] SELECT * FROM `o2o_category` WHERE  `status` <> -1  AND `parent_id` = 0 ORDER BY `listorder` DESC,`id` DESC [ RunTime:0.001000s ]
[ error ] [2]strpos() expects parameter 1 to be string, array given
---------------------------------------------------------------
[ 2018-05-14T00:32:10+08:00 ] 127.0.0.1 GET /Category/index
[ sql ] [ DB ] CONNECT:[ UseTime:0.011001s ] mysql:host=127.0.0.1;port=3306;dbname=market_shop;charset=utf8
[ sql ] [ SQL ] SHOW COLUMNS FROM `o2o_user` [ RunTime:0.012001s ]
[ sql ] [ SQL ] SELECT * FROM `o2o_user` WHERE  `id` IN (1) LIMIT 1 [ RunTime:0.000000s ]
[ sql ] [ SQL ] SHOW COLUMNS FROM `o2o_category` [ RunTime:0.013001s ]
[ sql ] [ SQL ] SELECT * FROM `o2o_category` WHERE  `status` <> -1  AND `parent_id` = 0 ORDER BY `listorder` DESC,`id` DESC [ RunTime:0.000000s ]
[ error ] [2]strpos() expects parameter 1 to be string, array given
---------------------------------------------------------------
[ 2018-05-14T00:32:10+08:00 ] 127.0.0.1 GET /Category/index
[ sql ] [ DB ] CONNECT:[ UseTime:0.010001s ] mysql:host=127.0.0.1;port=3306;dbname=market_shop;charset=utf8
[ sql ] [ SQL ] SHOW COLUMNS FROM `o2o_user` [ RunTime:0.012000s ]
[ sql ] [ SQL ] SELECT * FROM `o2o_user` WHERE  `id` IN (1) LIMIT 1 [ RunTime:0.001000s ]
[ sql ] [ SQL ] SHOW COLUMNS FROM `o2o_category` [ RunTime:0.013001s ]
[ sql ] [ SQL ] SELECT * FROM `o2o_category` WHERE  `status` <> -1  AND `parent_id` = 0 ORDER BY `listorder` DESC,`id` DESC [ RunTime:0.001000s ]
[ error ] [2]strpos() expects parameter 1 to be string, array given
---------------------------------------------------------------
[ 2018-05-14T00:32:35+08:00 ] 127.0.0.1 GET /Category/index
[ sql ] [ DB ] CONNECT:[ UseTime:0.012001s ] mysql:host=127.0.0.1;port=3306;dbname=market_shop;charset=utf8
[ sql ] [ SQL ] SHOW COLUMNS FROM `o2o_user` [ RunTime:0.013001s ]
[ sql ] [ SQL ] SELECT * FROM `o2o_user` WHERE  `id` IN (1) LIMIT 1 [ RunTime:0.001000s ]
[ sql ] [ SQL ] SHOW COLUMNS FROM `o2o_category` [ RunTime:0.013000s ]
[ sql ] [ SQL ] SELECT * FROM `o2o_category` WHERE  `status` <> -1  AND `parent_id` = 0 ORDER BY `listorder` DESC,`id` DESC [ RunTime:0.001001s ]
[ error ] [2]strpos() expects parameter 1 to be string, array given
---------------------------------------------------------------
[ 2018-05-14T00:32:36+08:00 ] 127.0.0.1 GET /Category/index
[ sql ] [ DB ] CONNECT:[ UseTime:0.012000s ] mysql:host=127.0.0.1;port=3306;dbname=market_shop;charset=utf8
[ sql ] [ SQL ] SHOW COLUMNS FROM `o2o_user` [ RunTime:0.012001s ]
[ sql ] [ SQL ] SELECT * FROM `o2o_user` WHERE  `id` IN (1) LIMIT 1 [ RunTime:0.000000s ]
[ sql ] [ SQL ] SHOW COLUMNS FROM `o2o_category` [ RunTime:0.012001s ]
[ sql ] [ SQL ] SELECT * FROM `o2o_category` WHERE  `status` <> -1  AND `parent_id` = 0 ORDER BY `listorder` DESC,`id` DESC [ RunTime:0.000000s ]
[ error ] [2]strpos() expects parameter 1 to be string, array given
---------------------------------------------------------------
[ 2018-05-14T00:32:36+08:00 ] 127.0.0.1 GET /Category/index
[ sql ] [ DB ] CONNECT:[ UseTime:0.002000s ] mysql:host=127.0.0.1;port=3306;dbname=market_shop;charset=utf8
[ sql ] [ SQL ] SHOW COLUMNS FROM `o2o_user` [ RunTime:0.013001s ]
[ sql ] [ SQL ] SELECT * FROM `o2o_user` WHERE  `id` IN (1) LIMIT 1 [ RunTime:0.001000s ]
[ sql ] [ SQL ] SHOW COLUMNS FROM `o2o_category` [ RunTime:0.012001s ]
[ sql ] [ SQL ] SELECT * FROM `o2o_category` WHERE  `status` <> -1  AND `parent_id` = 0 ORDER BY `listorder` DESC,`id` DESC [ RunTime:0.001000s ]
[ error ] [2]strpos() expects parameter 1 to be string, array given
---------------------------------------------------------------
[ 2018-05-14T00:32:36+08:00 ] 127.0.0.1 GET /Category/index
[ sql ] [ DB ] CONNECT:[ UseTime:0.010001s ] mysql:host=127.0.0.1;port=3306;dbname=market_shop;charset=utf8
[ sql ] [ SQL ] SHOW COLUMNS FROM `o2o_user` [ RunTime:0.012001s ]
[ sql ] [ SQL ] SELECT * FROM `o2o_user` WHERE  `id` IN (1) LIMIT 1 [ RunTime:0.000000s ]
[ sql ] [ SQL ] SHOW COLUMNS FROM `o2o_category` [ RunTime:0.013000s ]
[ sql ] [ SQL ] SELECT * FROM `o2o_category` WHERE  `status` <> -1  AND `parent_id` = 0 ORDER BY `listorder` DESC,`id` DESC [ RunTime:0.000000s ]
[ error ] [2]strpos() expects parameter 1 to be string, array given
---------------------------------------------------------------
[ 2018-05-14T00:34:34+08:00 ] 127.0.0.1 GET /Category/index
[ error ] [4]语法错误: unexpected '$category' (T_VARIABLE)
---------------------------------------------------------------
[ 2018-05-14T00:36:36+08:00 ] 127.0.0.1 GET /Category/index
[ info ] admin.market_shop.com/Category/index [运行时间：0.018001s][吞吐率：55.55req/s] [内存消耗：869.79kb] [文件加载：31]
[ info ] [ LANG ] D:\Servers\market_shop\thinkphp\lang\zh-cn.php
[ info ] [ BIND ] 'admin'
[ info ] [ ROUTE ] array (
  'type' => 'module',
  'module' => 
  array (
    0 => 'admin',
    1 => 'Category',
    2 => 'index',
  ),
)
[ info ] [ HEADER ] array (
  'cookie' => '__guid=132187614.2717094024985305600.1526123009477.758; market_key=13.0.19ef7e7ca6d5f8ea15098fe994b7b445; PHPSESSID=2apm4l679os6t8hsc60ncqj527; monitor_count=25',
  'accept-language' => 'zh-CN,zh;q=0.8',
  'accept-encoding' => 'gzip, deflate, sdch',
  'referer' => 'http://admin.market_shop.com/',
  'accept' => 'text/html,application/xhtml+xml,application/xml;q=0.9,image/webp,*/*;q=0.8',
  'user-agent' => 'Mozilla/5.0 (Windows NT 6.1; WOW64) AppleWebKit/537.36 (KHTML, like Gecko) Chrome/55.0.2883.87 Safari/537.36',
  'upgrade-insecure-requests' => '1',
  'cache-control' => 'max-age=0',
  'connection' => 'close',
  'host' => 'admin.market_shop.com',
)
[ info ] [ PARAM ] array (
  '/Category/index' => '',
)
[ info ] [ LOG ] INIT File
[ error ] [4]语法错误: unexpected '$category' (T_VARIABLE)[D:\Servers\market_shop\application\admin\controller\Category.php:8]
---------------------------------------------------------------
[ 2018-05-14T00:36:50+08:00 ] 127.0.0.1 GET /Category/index
[ info ] admin.market_shop.com/Category/index [运行时间：0.070004s][吞吐率：14.28req/s] [内存消耗：2,124.25kb] [文件加载：53]
[ info ] [ LANG ] D:\Servers\market_shop\thinkphp\lang\zh-cn.php
[ info ] [ BIND ] 'admin'
[ info ] [ ROUTE ] array (
  'type' => 'module',
  'module' => 
  array (
    0 => 'admin',
    1 => 'Category',
    2 => 'index',
  ),
)
[ info ] [ HEADER ] array (
  'cookie' => '__guid=132187614.2717094024985305600.1526123009477.758; market_key=13.0.19ef7e7ca6d5f8ea15098fe994b7b445; PHPSESSID=2apm4l679os6t8hsc60ncqj527; monitor_count=26',
  'accept-language' => 'zh-CN,zh;q=0.8',
  'accept-encoding' => 'gzip, deflate, sdch',
  'referer' => 'http://admin.market_shop.com/',
  'accept' => 'text/html,application/xhtml+xml,application/xml;q=0.9,image/webp,*/*;q=0.8',
  'user-agent' => 'Mozilla/5.0 (Windows NT 6.1; WOW64) AppleWebKit/537.36 (KHTML, like Gecko) Chrome/55.0.2883.87 Safari/537.36',
  'upgrade-insecure-requests' => '1',
  'cache-control' => 'max-age=0',
  'connection' => 'close',
  'host' => 'admin.market_shop.com',
)
[ info ] [ PARAM ] array (
  '/Category/index' => '',
)
[ info ] [ SESSION ] INIT array (
  'id' => '',
  'var_session_id' => '',
  'prefix' => 'think',
  'type' => '',
  'auto_start' => true,
)
[ info ] [ DB ] INIT mysql
[ info ] [ RUN ] app\admin\controller\Category->index[ D:\Servers\market_shop\application\admin\controller\Category.php ]
[ info ] [ VIEW ] D:\Servers\market_shop\public/../application/admin\view\category\index.html [ array (
  0 => 'myuser',
  1 => 'web',
  2 => 'category',
) ]
[ info ] [ LOG ] INIT File
[ sql ] [ DB ] CONNECT:[ UseTime:0.007000s ] mysql:host=127.0.0.1;port=3306;dbname=market_shop;charset=utf8
[ sql ] [ SQL ] SHOW COLUMNS FROM `o2o_user` [ RunTime:0.012000s ]
[ sql ] [ SQL ] SELECT * FROM `o2o_user` WHERE  `id` IN (1) LIMIT 1 [ RunTime:0.001000s ]
[ sql ] [ SQL ] SHOW COLUMNS FROM `o2o_category` [ RunTime:0.012001s ]
[ sql ] [ SQL ] SELECT * FROM `o2o_category` WHERE  `status` <> -1  AND `parent_id` = 0 ORDER BY `listorder` DESC,`id` DESC [ RunTime:0.001000s ]
[ error ] [2]strpos() expects parameter 1 to be string, array given[D:\Servers\market_shop\thinkphp\library\think\Url.php:34]
---------------------------------------------------------------
[ 2018-05-14T00:38:25+08:00 ] 127.0.0.1 GET /Category/index
[ info ] admin.market_shop.com/Category/index [运行时间：0.078005s][吞吐率：12.82req/s] [内存消耗：2,275.91kb] [文件加载：55]
[ info ] [ LANG ] D:\Servers\market_shop\thinkphp\lang\zh-cn.php
[ info ] [ BIND ] 'admin'
[ info ] [ ROUTE ] array (
  'type' => 'module',
  'module' => 
  array (
    0 => 'admin',
    1 => 'Category',
    2 => 'index',
  ),
)
[ info ] [ HEADER ] array (
  'cookie' => '__guid=132187614.2717094024985305600.1526123009477.758; market_key=13.0.19ef7e7ca6d5f8ea15098fe994b7b445; PHPSESSID=2apm4l679os6t8hsc60ncqj527; monitor_count=27',
  'accept-language' => 'zh-CN,zh;q=0.8',
  'accept-encoding' => 'gzip, deflate, sdch',
  'referer' => 'http://admin.market_shop.com/',
  'accept' => 'text/html,application/xhtml+xml,application/xml;q=0.9,image/webp,*/*;q=0.8',
  'user-agent' => 'Mozilla/5.0 (Windows NT 6.1; WOW64) AppleWebKit/537.36 (KHTML, like Gecko) Chrome/55.0.2883.87 Safari/537.36',
  'upgrade-insecure-requests' => '1',
  'cache-control' => 'max-age=0',
  'connection' => 'close',
  'host' => 'admin.market_shop.com',
)
[ info ] [ PARAM ] array (
  '/Category/index' => '',
)
[ info ] [ SESSION ] INIT array (
  'id' => '',
  'var_session_id' => '',
  'prefix' => 'think',
  'type' => '',
  'auto_start' => true,
)
[ info ] [ DB ] INIT mysql
[ info ] [ RUN ] app\admin\controller\Category->index[ D:\Servers\market_shop\application\admin\controller\Category.php ]
[ info ] [ VIEW ] D:\Servers\market_shop\public/../application/admin\view\category\index.html [ array (
  0 => 'myuser',
  1 => 'web',
  2 => 'category',
) ]
[ info ] [ LOG ] INIT File
[ sql ] [ DB ] CONNECT:[ UseTime:0.011000s ] mysql:host=127.0.0.1;port=3306;dbname=market_shop;charset=utf8
[ sql ] [ SQL ] SHOW COLUMNS FROM `o2o_user` [ RunTime:0.012001s ]
[ sql ] [ SQL ] SELECT * FROM `o2o_user` WHERE  `id` IN (1) LIMIT 1 [ RunTime:0.001000s ]
[ sql ] [ SQL ] SHOW COLUMNS FROM `o2o_category` [ RunTime:0.012001s ]
[ sql ] [ SQL ] SELECT * FROM `o2o_category` WHERE  `status` <> -1  AND `parent_id` = 0 ORDER BY `listorder` DESC,`id` DESC [ RunTime:0.000000s ]
[ error ] [8]未定义变量: t[D:\Servers\market_shop\runtime\temp\d1516554e0fe4d7deb430b26885d1acd.php:453]
---------------------------------------------------------------
[ 2018-05-14T00:38:57+08:00 ] 127.0.0.1 GET /Category/index
[ info ] admin.market_shop.com/Category/index [运行时间：0.077005s][吞吐率：12.99req/s] [内存消耗：2,275.77kb] [文件加载：55]
[ info ] [ LANG ] D:\Servers\market_shop\thinkphp\lang\zh-cn.php
[ info ] [ BIND ] 'admin'
[ info ] [ ROUTE ] array (
  'type' => 'module',
  'module' => 
  array (
    0 => 'admin',
    1 => 'Category',
    2 => 'index',
  ),
)
[ info ] [ HEADER ] array (
  'cookie' => '__guid=132187614.2717094024985305600.1526123009477.758; market_key=13.0.19ef7e7ca6d5f8ea15098fe994b7b445; PHPSESSID=2apm4l679os6t8hsc60ncqj527; monitor_count=28',
  'accept-language' => 'zh-CN,zh;q=0.8',
  'accept-encoding' => 'gzip, deflate, sdch',
  'referer' => 'http://admin.market_shop.com/',
  'accept' => 'text/html,application/xhtml+xml,application/xml;q=0.9,image/webp,*/*;q=0.8',
  'user-agent' => 'Mozilla/5.0 (Windows NT 6.1; WOW64) AppleWebKit/537.36 (KHTML, like Gecko) Chrome/55.0.2883.87 Safari/537.36',
  'upgrade-insecure-requests' => '1',
  'cache-control' => 'max-age=0',
  'connection' => 'close',
  'host' => 'admin.market_shop.com',
)
[ info ] [ PARAM ] array (
  '/Category/index' => '',
)
[ info ] [ SESSION ] INIT array (
  'id' => '',
  'var_session_id' => '',
  'prefix' => 'think',
  'type' => '',
  'auto_start' => true,
)
[ info ] [ DB ] INIT mysql
[ info ] [ RUN ] app\admin\controller\Category->index[ D:\Servers\market_shop\application\admin\controller\Category.php ]
[ info ] [ VIEW ] D:\Servers\market_shop\public/../application/admin\view\category\index.html [ array (
  0 => 'myuser',
  1 => 'web',
  2 => 'category',
) ]
[ info ] [ LOG ] INIT File
[ sql ] [ DB ] CONNECT:[ UseTime:0.011001s ] mysql:host=127.0.0.1;port=3306;dbname=market_shop;charset=utf8
[ sql ] [ SQL ] SHOW COLUMNS FROM `o2o_user` [ RunTime:0.012000s ]
[ sql ] [ SQL ] SELECT * FROM `o2o_user` WHERE  `id` IN (1) LIMIT 1 [ RunTime:0.001000s ]
[ sql ] [ SQL ] SHOW COLUMNS FROM `o2o_category` [ RunTime:0.013001s ]
[ sql ] [ SQL ] SELECT * FROM `o2o_category` WHERE  `status` <> -1  AND `parent_id` = 0 ORDER BY `listorder` DESC,`id` DESC [ RunTime:0.000000s ]
[ error ] [8]未定义变量: t[D:\Servers\market_shop\runtime\temp\d1516554e0fe4d7deb430b26885d1acd.php:456]
---------------------------------------------------------------
[ 2018-05-14T00:38:59+08:00 ] 127.0.0.1 GET /Category/index
[ info ] admin.market_shop.com/Category/index [运行时间：0.064004s][吞吐率：15.62req/s] [内存消耗：2,124.20kb] [文件加载：53]
[ info ] [ LANG ] D:\Servers\market_shop\thinkphp\lang\zh-cn.php
[ info ] [ BIND ] 'admin'
[ info ] [ ROUTE ] array (
  'type' => 'module',
  'module' => 
  array (
    0 => 'admin',
    1 => 'Category',
    2 => 'index',
  ),
)
[ info ] [ HEADER ] array (
  'cookie' => '__guid=132187614.2717094024985305600.1526123009477.758; market_key=13.0.19ef7e7ca6d5f8ea15098fe994b7b445; PHPSESSID=2apm4l679os6t8hsc60ncqj527; monitor_count=29',
  'accept-language' => 'zh-CN,zh;q=0.8',
  'accept-encoding' => 'gzip, deflate, sdch',
  'referer' => 'http://admin.market_shop.com/',
  'accept' => 'text/html,application/xhtml+xml,application/xml;q=0.9,image/webp,*/*;q=0.8',
  'user-agent' => 'Mozilla/5.0 (Windows NT 6.1; WOW64) AppleWebKit/537.36 (KHTML, like Gecko) Chrome/55.0.2883.87 Safari/537.36',
  'upgrade-insecure-requests' => '1',
  'cache-control' => 'max-age=0',
  'connection' => 'close',
  'host' => 'admin.market_shop.com',
)
[ info ] [ PARAM ] array (
  '/Category/index' => '',
)
[ info ] [ SESSION ] INIT array (
  'id' => '',
  'var_session_id' => '',
  'prefix' => 'think',
  'type' => '',
  'auto_start' => true,
)
[ info ] [ DB ] INIT mysql
[ info ] [ RUN ] app\admin\controller\Category->index[ D:\Servers\market_shop\application\admin\controller\Category.php ]
[ info ] [ VIEW ] D:\Servers\market_shop\public/../application/admin\view\category\index.html [ array (
  0 => 'myuser',
  1 => 'web',
  2 => 'category',
) ]
[ info ] [ LOG ] INIT File
[ sql ] [ DB ] CONNECT:[ UseTime:0.002000s ] mysql:host=127.0.0.1;port=3306;dbname=market_shop;charset=utf8
[ sql ] [ SQL ] SHOW COLUMNS FROM `o2o_user` [ RunTime:0.012001s ]
[ sql ] [ SQL ] SELECT * FROM `o2o_user` WHERE  `id` IN (1) LIMIT 1 [ RunTime:0.001000s ]
[ sql ] [ SQL ] SHOW COLUMNS FROM `o2o_category` [ RunTime:0.013001s ]
[ sql ] [ SQL ] SELECT * FROM `o2o_category` WHERE  `status` <> -1  AND `parent_id` = 0 ORDER BY `listorder` DESC,`id` DESC [ RunTime:0.000000s ]
[ error ] [8]未定义变量: t[D:\Servers\market_shop\runtime\temp\d1516554e0fe4d7deb430b26885d1acd.php:456]
---------------------------------------------------------------
[ 2018-05-14T00:38:59+08:00 ] 127.0.0.1 GET /Category/index
[ info ] admin.market_shop.com/Category/index [运行时间：0.072004s][吞吐率：13.89req/s] [内存消耗：2,124.20kb] [文件加载：53]
[ info ] [ LANG ] D:\Servers\market_shop\thinkphp\lang\zh-cn.php
[ info ] [ BIND ] 'admin'
[ info ] [ ROUTE ] array (
  'type' => 'module',
  'module' => 
  array (
    0 => 'admin',
    1 => 'Category',
    2 => 'index',
  ),
)
[ info ] [ HEADER ] array (
  'cookie' => '__guid=132187614.2717094024985305600.1526123009477.758; market_key=13.0.19ef7e7ca6d5f8ea15098fe994b7b445; PHPSESSID=2apm4l679os6t8hsc60ncqj527; monitor_count=30',
  'accept-language' => 'zh-CN,zh;q=0.8',
  'accept-encoding' => 'gzip, deflate, sdch',
  'referer' => 'http://admin.market_shop.com/',
  'accept' => 'text/html,application/xhtml+xml,application/xml;q=0.9,image/webp,*/*;q=0.8',
  'user-agent' => 'Mozilla/5.0 (Windows NT 6.1; WOW64) AppleWebKit/537.36 (KHTML, like Gecko) Chrome/55.0.2883.87 Safari/537.36',
  'upgrade-insecure-requests' => '1',
  'cache-control' => 'max-age=0',
  'connection' => 'close',
  'host' => 'admin.market_shop.com',
)
[ info ] [ PARAM ] array (
  '/Category/index' => '',
)
[ info ] [ SESSION ] INIT array (
  'id' => '',
  'var_session_id' => '',
  'prefix' => 'think',
  'type' => '',
  'auto_start' => true,
)
[ info ] [ DB ] INIT mysql
[ info ] [ RUN ] app\admin\controller\Category->index[ D:\Servers\market_shop\application\admin\controller\Category.php ]
[ info ] [ VIEW ] D:\Servers\market_shop\public/../application/admin\view\category\index.html [ array (
  0 => 'myuser',
  1 => 'web',
  2 => 'category',
) ]
[ info ] [ LOG ] INIT File
[ sql ] [ DB ] CONNECT:[ UseTime:0.011001s ] mysql:host=127.0.0.1;port=3306;dbname=market_shop;charset=utf8
[ sql ] [ SQL ] SHOW COLUMNS FROM `o2o_user` [ RunTime:0.012001s ]
[ sql ] [ SQL ] SELECT * FROM `o2o_user` WHERE  `id` IN (1) LIMIT 1 [ RunTime:0.001000s ]
[ sql ] [ SQL ] SHOW COLUMNS FROM `o2o_category` [ RunTime:0.012001s ]
[ sql ] [ SQL ] SELECT * FROM `o2o_category` WHERE  `status` <> -1  AND `parent_id` = 0 ORDER BY `listorder` DESC,`id` DESC [ RunTime:0.000000s ]
[ error ] [8]未定义变量: t[D:\Servers\market_shop\runtime\temp\d1516554e0fe4d7deb430b26885d1acd.php:456]
---------------------------------------------------------------
[ 2018-05-14T00:39:11+08:00 ] 127.0.0.1 GET /Category/index
[ info ] admin.market_shop.com/Category/index [运行时间：0.079004s][吞吐率：12.66req/s] [内存消耗：2,263.01kb] [文件加载：51]
[ info ] [ LANG ] D:\Servers\market_shop\thinkphp\lang\zh-cn.php
[ info ] [ BIND ] 'admin'
[ info ] [ ROUTE ] array (
  'type' => 'module',
  'module' => 
  array (
    0 => 'admin',
    1 => 'Category',
    2 => 'index',
  ),
)
[ info ] [ HEADER ] array (
  'cookie' => '__guid=132187614.2717094024985305600.1526123009477.758; market_key=13.0.19ef7e7ca6d5f8ea15098fe994b7b445; PHPSESSID=2apm4l679os6t8hsc60ncqj527; monitor_count=31',
  'accept-language' => 'zh-CN,zh;q=0.8',
  'accept-encoding' => 'gzip, deflate, sdch',
  'referer' => 'http://admin.market_shop.com/',
  'accept' => 'text/html,application/xhtml+xml,application/xml;q=0.9,image/webp,*/*;q=0.8',
  'user-agent' => 'Mozilla/5.0 (Windows NT 6.1; WOW64) AppleWebKit/537.36 (KHTML, like Gecko) Chrome/55.0.2883.87 Safari/537.36',
  'upgrade-insecure-requests' => '1',
  'cache-control' => 'max-age=0',
  'connection' => 'close',
  'host' => 'admin.market_shop.com',
)
[ info ] [ PARAM ] array (
  '/Category/index' => '',
)
[ info ] [ SESSION ] INIT array (
  'id' => '',
  'var_session_id' => '',
  'prefix' => 'think',
  'type' => '',
  'auto_start' => true,
)
[ info ] [ DB ] INIT mysql
[ info ] [ RUN ] app\admin\controller\Category->index[ D:\Servers\market_shop\application\admin\controller\Category.php ]
[ info ] [ VIEW ] D:\Servers\market_shop\public/../application/admin\view\category\index.html [ array (
  0 => 'myuser',
  1 => 'web',
  2 => 'category',
) ]
[ info ] [ LOG ] INIT File
[ sql ] [ DB ] CONNECT:[ UseTime:0.011001s ] mysql:host=127.0.0.1;port=3306;dbname=market_shop;charset=utf8
[ sql ] [ SQL ] SHOW COLUMNS FROM `o2o_user` [ RunTime:0.012000s ]
[ sql ] [ SQL ] SELECT * FROM `o2o_user` WHERE  `id` IN (1) LIMIT 1 [ RunTime:0.001001s ]
[ sql ] [ SQL ] SHOW COLUMNS FROM `o2o_category` [ RunTime:0.015000s ]
[ sql ] [ SQL ] SELECT * FROM `o2o_category` WHERE  `status` <> -1  AND `parent_id` = 0 ORDER BY `listorder` DESC,`id` DESC [ RunTime:0.001000s ]
---------------------------------------------------------------
[ 2018-05-14T00:39:52+08:00 ] 127.0.0.1 GET /Category/index
[ info ] admin.market_shop.com/Category/index [运行时间：0.063003s][吞吐率：15.87req/s] [内存消耗：2,263.39kb] [文件加载：51]
[ info ] [ LANG ] D:\Servers\market_shop\thinkphp\lang\zh-cn.php
[ info ] [ BIND ] 'admin'
[ info ] [ ROUTE ] array (
  'type' => 'module',
  'module' => 
  array (
    0 => 'admin',
    1 => 'Category',
    2 => 'index',
  ),
)
[ info ] [ HEADER ] array (
  'cookie' => '__guid=132187614.2717094024985305600.1526123009477.758; market_key=13.0.19ef7e7ca6d5f8ea15098fe994b7b445; PHPSESSID=2apm4l679os6t8hsc60ncqj527; monitor_count=32',
  'accept-language' => 'zh-CN,zh;q=0.8',
  'accept-encoding' => 'gzip, deflate, sdch',
  'referer' => 'http://admin.market_shop.com/',
  'accept' => 'text/html,application/xhtml+xml,application/xml;q=0.9,image/webp,*/*;q=0.8',
  'user-agent' => 'Mozilla/5.0 (Windows NT 6.1; WOW64) AppleWebKit/537.36 (KHTML, like Gecko) Chrome/55.0.2883.87 Safari/537.36',
  'upgrade-insecure-requests' => '1',
  'cache-control' => 'max-age=0',
  'connection' => 'close',
  'host' => 'admin.market_shop.com',
)
[ info ] [ PARAM ] array (
  '/Category/index' => '',
)
[ info ] [ SESSION ] INIT array (
  'id' => '',
  'var_session_id' => '',
  'prefix' => 'think',
  'type' => '',
  'auto_start' => true,
)
[ info ] [ DB ] INIT mysql
[ info ] [ RUN ] app\admin\controller\Category->index[ D:\Servers\market_shop\application\admin\controller\Category.php ]
[ info ] [ VIEW ] D:\Servers\market_shop\public/../application/admin\view\category\index.html [ array (
  0 => 'myuser',
  1 => 'web',
  2 => 'category',
) ]
[ info ] [ LOG ] INIT File
[ sql ] [ DB ] CONNECT:[ UseTime:0.002000s ] mysql:host=127.0.0.1;port=3306;dbname=market_shop;charset=utf8
[ sql ] [ SQL ] SHOW COLUMNS FROM `o2o_user` [ RunTime:0.012000s ]
[ sql ] [ SQL ] SELECT * FROM `o2o_user` WHERE  `id` IN (1) LIMIT 1 [ RunTime:0.001000s ]
[ sql ] [ SQL ] SHOW COLUMNS FROM `o2o_category` [ RunTime:0.012001s ]
[ sql ] [ SQL ] SELECT * FROM `o2o_category` WHERE  `status` <> -1  AND `parent_id` = 0 ORDER BY `listorder` DESC,`id` DESC [ RunTime:0.001000s ]
---------------------------------------------------------------
[ 2018-05-14T00:41:14+08:00 ] 127.0.0.1 GET /Category/index
[ info ] admin.market_shop.com/Category/index [运行时间：0.077005s][吞吐率：12.99req/s] [内存消耗：2,266.02kb] [文件加载：51]
[ info ] [ LANG ] D:\Servers\market_shop\thinkphp\lang\zh-cn.php
[ info ] [ BIND ] 'admin'
[ info ] [ ROUTE ] array (
  'type' => 'module',
  'module' => 
  array (
    0 => 'admin',
    1 => 'Category',
    2 => 'index',
  ),
)
[ info ] [ HEADER ] array (
  'cookie' => '__guid=132187614.2717094024985305600.1526123009477.758; market_key=13.0.19ef7e7ca6d5f8ea15098fe994b7b445; PHPSESSID=2apm4l679os6t8hsc60ncqj527; monitor_count=33',
  'accept-language' => 'zh-CN,zh;q=0.8',
  'accept-encoding' => 'gzip, deflate, sdch',
  'referer' => 'http://admin.market_shop.com/',
  'accept' => 'text/html,application/xhtml+xml,application/xml;q=0.9,image/webp,*/*;q=0.8',
  'user-agent' => 'Mozilla/5.0 (Windows NT 6.1; WOW64) AppleWebKit/537.36 (KHTML, like Gecko) Chrome/55.0.2883.87 Safari/537.36',
  'upgrade-insecure-requests' => '1',
  'cache-control' => 'max-age=0',
  'connection' => 'close',
  'host' => 'admin.market_shop.com',
)
[ info ] [ PARAM ] array (
  '/Category/index' => '',
)
[ info ] [ SESSION ] INIT array (
  'id' => '',
  'var_session_id' => '',
  'prefix' => 'think',
  'type' => '',
  'auto_start' => true,
)
[ info ] [ DB ] INIT mysql
[ info ] [ RUN ] app\admin\controller\Category->index[ D:\Servers\market_shop\application\admin\controller\Category.php ]
[ info ] [ VIEW ] D:\Servers\market_shop\public/../application/admin\view\category\index.html [ array (
  0 => 'myuser',
  1 => 'web',
  2 => 'category',
) ]
[ info ] [ LOG ] INIT File
[ sql ] [ DB ] CONNECT:[ UseTime:0.011000s ] mysql:host=127.0.0.1;port=3306;dbname=market_shop;charset=utf8
[ sql ] [ SQL ] SHOW COLUMNS FROM `o2o_user` [ RunTime:0.012000s ]
[ sql ] [ SQL ] SELECT * FROM `o2o_user` WHERE  `id` IN (1) LIMIT 1 [ RunTime:0.001000s ]
[ sql ] [ SQL ] SHOW COLUMNS FROM `o2o_category` [ RunTime:0.012001s ]
[ sql ] [ SQL ] SELECT * FROM `o2o_category` WHERE  `status` <> -1  AND `parent_id` = 0 ORDER BY `listorder` DESC,`id` DESC [ RunTime:0.000000s ]
---------------------------------------------------------------
[ 2018-05-14T00:42:48+08:00 ] 127.0.0.1 GET /Category/index
[ info ] admin.market_shop.com/Category/index [运行时间：0.065004s][吞吐率：15.38req/s] [内存消耗：2,266.02kb] [文件加载：51]
[ info ] [ LANG ] D:\Servers\market_shop\thinkphp\lang\zh-cn.php
[ info ] [ BIND ] 'admin'
[ info ] [ ROUTE ] array (
  'type' => 'module',
  'module' => 
  array (
    0 => 'admin',
    1 => 'Category',
    2 => 'index',
  ),
)
[ info ] [ HEADER ] array (
  'cookie' => '__guid=132187614.2717094024985305600.1526123009477.758; market_key=13.0.19ef7e7ca6d5f8ea15098fe994b7b445; PHPSESSID=2apm4l679os6t8hsc60ncqj527; monitor_count=34',
  'accept-language' => 'zh-CN,zh;q=0.8',
  'accept-encoding' => 'gzip, deflate, sdch',
  'referer' => 'http://admin.market_shop.com/',
  'accept' => 'text/html,application/xhtml+xml,application/xml;q=0.9,image/webp,*/*;q=0.8',
  'user-agent' => 'Mozilla/5.0 (Windows NT 6.1; WOW64) AppleWebKit/537.36 (KHTML, like Gecko) Chrome/55.0.2883.87 Safari/537.36',
  'upgrade-insecure-requests' => '1',
  'cache-control' => 'max-age=0',
  'connection' => 'close',
  'host' => 'admin.market_shop.com',
)
[ info ] [ PARAM ] array (
  '/Category/index' => '',
)
[ info ] [ SESSION ] INIT array (
  'id' => '',
  'var_session_id' => '',
  'prefix' => 'think',
  'type' => '',
  'auto_start' => true,
)
[ info ] [ DB ] INIT mysql
[ info ] [ RUN ] app\admin\controller\Category->index[ D:\Servers\market_shop\application\admin\controller\Category.php ]
[ info ] [ VIEW ] D:\Servers\market_shop\public/../application/admin\view\category\index.html [ array (
  0 => 'myuser',
  1 => 'web',
  2 => 'category',
) ]
[ info ] [ LOG ] INIT File
[ sql ] [ DB ] CONNECT:[ UseTime:0.002000s ] mysql:host=127.0.0.1;port=3306;dbname=market_shop;charset=utf8
[ sql ] [ SQL ] SHOW COLUMNS FROM `o2o_user` [ RunTime:0.012000s ]
[ sql ] [ SQL ] SELECT * FROM `o2o_user` WHERE  `id` IN (1) LIMIT 1 [ RunTime:0.000000s ]
[ sql ] [ SQL ] SHOW COLUMNS FROM `o2o_category` [ RunTime:0.012000s ]
[ sql ] [ SQL ] SELECT * FROM `o2o_category` WHERE  `status` <> -1  AND `parent_id` = 0 ORDER BY `listorder` DESC,`id` DESC [ RunTime:0.001000s ]
---------------------------------------------------------------
[ 2018-05-14T00:44:29+08:00 ] 127.0.0.1 GET /Category/index
[ info ] admin.market_shop.com/Category/index [运行时间：0.075005s][吞吐率：13.33req/s] [内存消耗：2,266.59kb] [文件加载：51]
[ info ] [ LANG ] D:\Servers\market_shop\thinkphp\lang\zh-cn.php
[ info ] [ BIND ] 'admin'
[ info ] [ ROUTE ] array (
  'type' => 'module',
  'module' => 
  array (
    0 => 'admin',
    1 => 'Category',
    2 => 'index',
  ),
)
[ info ] [ HEADER ] array (
  'cookie' => '__guid=132187614.2717094024985305600.1526123009477.758; market_key=13.0.19ef7e7ca6d5f8ea15098fe994b7b445; PHPSESSID=2apm4l679os6t8hsc60ncqj527; monitor_count=35',
  'accept-language' => 'zh-CN,zh;q=0.8',
  'accept-encoding' => 'gzip, deflate, sdch',
  'referer' => 'http://admin.market_shop.com/',
  'accept' => 'text/html,application/xhtml+xml,application/xml;q=0.9,image/webp,*/*;q=0.8',
  'user-agent' => 'Mozilla/5.0 (Windows NT 6.1; WOW64) AppleWebKit/537.36 (KHTML, like Gecko) Chrome/55.0.2883.87 Safari/537.36',
  'upgrade-insecure-requests' => '1',
  'cache-control' => 'max-age=0',
  'connection' => 'close',
  'host' => 'admin.market_shop.com',
)
[ info ] [ PARAM ] array (
  '/Category/index' => '',
)
[ info ] [ SESSION ] INIT array (
  'id' => '',
  'var_session_id' => '',
  'prefix' => 'think',
  'type' => '',
  'auto_start' => true,
)
[ info ] [ DB ] INIT mysql
[ info ] [ RUN ] app\admin\controller\Category->index[ D:\Servers\market_shop\application\admin\controller\Category.php ]
[ info ] [ VIEW ] D:\Servers\market_shop\public/../application/admin\view\category\index.html [ array (
  0 => 'myuser',
  1 => 'web',
  2 => 'category',
) ]
[ info ] [ LOG ] INIT File
[ sql ] [ DB ] CONNECT:[ UseTime:0.007000s ] mysql:host=127.0.0.1;port=3306;dbname=market_shop;charset=utf8
[ sql ] [ SQL ] SHOW COLUMNS FROM `o2o_user` [ RunTime:0.012001s ]
[ sql ] [ SQL ] SELECT * FROM `o2o_user` WHERE  `id` IN (1) LIMIT 1 [ RunTime:0.001000s ]
[ sql ] [ SQL ] SHOW COLUMNS FROM `o2o_category` [ RunTime:0.012001s ]
[ sql ] [ SQL ] SELECT * FROM `o2o_category` WHERE  `status` <> -1  AND `parent_id` = 0 ORDER BY `listorder` DESC,`id` DESC [ RunTime:0.001000s ]
---------------------------------------------------------------
[ 2018-05-14T00:44:37+08:00 ] 127.0.0.1 GET /static/Admin/bootstrap/css/bootstrap.css.map
[ info ] admin.market_shop.com/static/Admin/bootstrap/css/bootstrap.css.map [运行时间：0.016001s][吞吐率：62.50req/s] [内存消耗：851.52kb] [文件加载：31]
[ info ] [ LANG ] D:\Servers\market_shop\thinkphp\lang\zh-cn.php
[ info ] [ BIND ] 'admin'
[ info ] [ ROUTE ] array (
  'type' => 'module',
  'module' => 
  array (
    0 => 'admin',
    1 => 'static',
    2 => 'Admin',
  ),
)
[ info ] [ HEADER ] array (
  'cookie' => '__guid=132187614.2717094024985305600.1526123009477.758; market_key=13.0.19ef7e7ca6d5f8ea15098fe994b7b445; PHPSESSID=2apm4l679os6t8hsc60ncqj527; monitor_count=36',
  'accept-language' => 'zh-CN,zh;q=0.8',
  'accept-encoding' => 'gzip, deflate, sdch',
  'user-agent' => 'Mozilla/5.0 (Windows NT 6.1; WOW64) AppleWebKit/537.36 (KHTML, like Gecko) Chrome/55.0.2883.87 Safari/537.36',
  'connection' => 'close',
  'host' => 'admin.market_shop.com',
)
[ info ] [ PARAM ] array (
  '/static/Admin/bootstrap/css/bootstrap_css_map' => '',
  'bootstrap' => 'css',
)
[ info ] [ LOG ] INIT File
---------------------------------------------------------------
[ 2018-05-14T00:45:35+08:00 ] 127.0.0.1 GET /category/status/id/2/status/1.html
[ info ] admin.market_shop.com/category/status/id/2/status/1.html [运行时间：0.055003s][吞吐率：18.18req/s] [内存消耗：2,028.69kb] [文件加载：49]
[ info ] [ LANG ] D:\Servers\market_shop\thinkphp\lang\zh-cn.php
[ info ] [ BIND ] 'admin'
[ info ] [ ROUTE ] array (
  'type' => 'module',
  'module' => 
  array (
    0 => 'admin',
    1 => 'category',
    2 => 'status',
  ),
)
[ info ] [ HEADER ] array (
  'cookie' => '__guid=132187614.2717094024985305600.1526123009477.758; market_key=13.0.19ef7e7ca6d5f8ea15098fe994b7b445; PHPSESSID=2apm4l679os6t8hsc60ncqj527; monitor_count=36',
  'accept-language' => 'zh-CN,zh;q=0.8',
  'accept-encoding' => 'gzip, deflate, sdch',
  'referer' => 'http://admin.market_shop.com/Category/index',
  'accept' => 'text/html,application/xhtml+xml,application/xml;q=0.9,image/webp,*/*;q=0.8',
  'user-agent' => 'Mozilla/5.0 (Windows NT 6.1; WOW64) AppleWebKit/537.36 (KHTML, like Gecko) Chrome/55.0.2883.87 Safari/537.36',
  'upgrade-insecure-requests' => '1',
  'connection' => 'close',
  'host' => 'admin.market_shop.com',
)
[ info ] [ PARAM ] array (
  '/category/status/id/2/status/1_html' => '',
  'id' => '2',
  'status' => '1',
)
[ info ] [ SESSION ] INIT array (
  'id' => '',
  'var_session_id' => '',
  'prefix' => 'think',
  'type' => '',
  'auto_start' => true,
)
[ info ] [ DB ] INIT mysql
[ info ] [ LOG ] INIT File
[ sql ] [ DB ] CONNECT:[ UseTime:0.011000s ] mysql:host=127.0.0.1;port=3306;dbname=market_shop;charset=utf8
[ sql ] [ SQL ] SHOW COLUMNS FROM `o2o_user` [ RunTime:0.012001s ]
[ sql ] [ SQL ] SELECT * FROM `o2o_user` WHERE  `id` IN (1) LIMIT 1 [ RunTime:0.000000s ]
---------------------------------------------------------------
[ 2018-05-14T00:45:39+08:00 ] 127.0.0.1 GET /Category/index
[ info ] admin.market_shop.com/Category/index [运行时间：0.071004s][吞吐率：14.08req/s] [内存消耗：2,106.65kb] [文件加载：49]
[ info ] [ LANG ] D:\Servers\market_shop\thinkphp\lang\zh-cn.php
[ info ] [ BIND ] 'admin'
[ info ] [ ROUTE ] array (
  'type' => 'module',
  'module' => 
  array (
    0 => 'admin',
    1 => 'Category',
    2 => 'index',
  ),
)
[ info ] [ HEADER ] array (
  'cookie' => '__guid=132187614.2717094024985305600.1526123009477.758; market_key=13.0.19ef7e7ca6d5f8ea15098fe994b7b445; PHPSESSID=2apm4l679os6t8hsc60ncqj527; monitor_count=37',
  'accept-language' => 'zh-CN,zh;q=0.8',
  'accept-encoding' => 'gzip, deflate, sdch',
  'referer' => 'http://admin.market_shop.com/',
  'accept' => 'text/html,application/xhtml+xml,application/xml;q=0.9,image/webp,*/*;q=0.8',
  'user-agent' => 'Mozilla/5.0 (Windows NT 6.1; WOW64) AppleWebKit/537.36 (KHTML, like Gecko) Chrome/55.0.2883.87 Safari/537.36',
  'upgrade-insecure-requests' => '1',
  'connection' => 'close',
  'host' => 'admin.market_shop.com',
)
[ info ] [ PARAM ] array (
  '/Category/index' => '',
)
[ info ] [ SESSION ] INIT array (
  'id' => '',
  'var_session_id' => '',
  'prefix' => 'think',
  'type' => '',
  'auto_start' => true,
)
[ info ] [ DB ] INIT mysql
[ info ] [ RUN ] app\admin\controller\Category->index[ D:\Servers\market_shop\application\admin\controller\Category.php ]
[ info ] [ VIEW ] D:\Servers\market_shop\public/../application/admin\view\category\index.html [ array (
  0 => 'myuser',
  1 => 'web',
  2 => 'category',
) ]
[ info ] [ LOG ] INIT File
[ sql ] [ DB ] CONNECT:[ UseTime:0.011001s ] mysql:host=127.0.0.1;port=3306;dbname=market_shop;charset=utf8
[ sql ] [ SQL ] SHOW COLUMNS FROM `o2o_user` [ RunTime:0.012001s ]
[ sql ] [ SQL ] SELECT * FROM `o2o_user` WHERE  `id` IN (1) LIMIT 1 [ RunTime:0.000000s ]
[ sql ] [ SQL ] SHOW COLUMNS FROM `o2o_category` [ RunTime:0.012001s ]
[ sql ] [ SQL ] SELECT * FROM `o2o_category` WHERE  `status` <> -1  AND `parent_id` = 0 ORDER BY `listorder` DESC,`id` DESC [ RunTime:0.001000s ]
---------------------------------------------------------------
[ 2018-05-14T00:45:39+08:00 ] 127.0.0.1 GET /static/Admin/bootstrap/css/bootstrap.css.map
[ info ] admin.market_shop.com/static/Admin/bootstrap/css/bootstrap.css.map [运行时间：0.018001s][吞吐率：55.55req/s] [内存消耗：851.52kb] [文件加载：31]
[ info ] [ LANG ] D:\Servers\market_shop\thinkphp\lang\zh-cn.php
[ info ] [ BIND ] 'admin'
[ info ] [ ROUTE ] array (
  'type' => 'module',
  'module' => 
  array (
    0 => 'admin',
    1 => 'static',
    2 => 'Admin',
  ),
)
[ info ] [ HEADER ] array (
  'cookie' => '__guid=132187614.2717094024985305600.1526123009477.758; market_key=13.0.19ef7e7ca6d5f8ea15098fe994b7b445; PHPSESSID=2apm4l679os6t8hsc60ncqj527; monitor_count=38',
  'accept-language' => 'zh-CN,zh;q=0.8',
  'accept-encoding' => 'gzip, deflate, sdch',
  'user-agent' => 'Mozilla/5.0 (Windows NT 6.1; WOW64) AppleWebKit/537.36 (KHTML, like Gecko) Chrome/55.0.2883.87 Safari/537.36',
  'connection' => 'close',
  'host' => 'admin.market_shop.com',
)
[ info ] [ PARAM ] array (
  '/static/Admin/bootstrap/css/bootstrap_css_map' => '',
  'bootstrap' => 'css',
)
[ info ] [ LOG ] INIT File
---------------------------------------------------------------
[ 2018-05-14T00:48:23+08:00 ] 127.0.0.1 GET /Category/index
[ info ] admin.market_shop.com/Category/index [运行时间：0.079005s][吞吐率：12.66req/s] [内存消耗：2,266.60kb] [文件加载：51]
[ info ] [ LANG ] D:\Servers\market_shop\thinkphp\lang\zh-cn.php
[ info ] [ BIND ] 'admin'
[ info ] [ ROUTE ] array (
  'type' => 'module',
  'module' => 
  array (
    0 => 'admin',
    1 => 'Category',
    2 => 'index',
  ),
)
[ info ] [ HEADER ] array (
  'cookie' => '__guid=132187614.2717094024985305600.1526123009477.758; market_key=13.0.19ef7e7ca6d5f8ea15098fe994b7b445; PHPSESSID=2apm4l679os6t8hsc60ncqj527; monitor_count=38',
  'accept-language' => 'zh-CN,zh;q=0.8',
  'accept-encoding' => 'gzip, deflate, sdch',
  'referer' => 'http://admin.market_shop.com/',
  'accept' => 'text/html,application/xhtml+xml,application/xml;q=0.9,image/webp,*/*;q=0.8',
  'user-agent' => 'Mozilla/5.0 (Windows NT 6.1; WOW64) AppleWebKit/537.36 (KHTML, like Gecko) Chrome/55.0.2883.87 Safari/537.36',
  'upgrade-insecure-requests' => '1',
  'cache-control' => 'max-age=0',
  'connection' => 'close',
  'host' => 'admin.market_shop.com',
)
[ info ] [ PARAM ] array (
  '/Category/index' => '',
)
[ info ] [ SESSION ] INIT array (
  'id' => '',
  'var_session_id' => '',
  'prefix' => 'think',
  'type' => '',
  'auto_start' => true,
)
[ info ] [ DB ] INIT mysql
[ info ] [ RUN ] app\admin\controller\Category->index[ D:\Servers\market_shop\application\admin\controller\Category.php ]
[ info ] [ VIEW ] D:\Servers\market_shop\public/../application/admin\view\category\index.html [ array (
  0 => 'myuser',
  1 => 'web',
  2 => 'category',
) ]
[ info ] [ LOG ] INIT File
[ sql ] [ DB ] CONNECT:[ UseTime:0.011001s ] mysql:host=127.0.0.1;port=3306;dbname=market_shop;charset=utf8
[ sql ] [ SQL ] SHOW COLUMNS FROM `o2o_user` [ RunTime:0.012000s ]
[ sql ] [ SQL ] SELECT * FROM `o2o_user` WHERE  `id` IN (1) LIMIT 1 [ RunTime:0.001001s ]
[ sql ] [ SQL ] SHOW COLUMNS FROM `o2o_category` [ RunTime:0.013000s ]
[ sql ] [ SQL ] SELECT * FROM `o2o_category` WHERE  `status` <> -1  AND `parent_id` = 0 ORDER BY `listorder` DESC,`id` DESC [ RunTime:0.000000s ]
---------------------------------------------------------------
[ 2018-05-14T00:48:23+08:00 ] 127.0.0.1 GET /static/Admin/bootstrap/css/bootstrap.css.map
[ info ] admin.market_shop.com/static/Admin/bootstrap/css/bootstrap.css.map [运行时间：0.019001s][吞吐率：52.63req/s] [内存消耗：851.52kb] [文件加载：31]
[ info ] [ LANG ] D:\Servers\market_shop\thinkphp\lang\zh-cn.php
[ info ] [ BIND ] 'admin'
[ info ] [ ROUTE ] array (
  'type' => 'module',
  'module' => 
  array (
    0 => 'admin',
    1 => 'static',
    2 => 'Admin',
  ),
)
[ info ] [ HEADER ] array (
  'cookie' => '__guid=132187614.2717094024985305600.1526123009477.758; market_key=13.0.19ef7e7ca6d5f8ea15098fe994b7b445; PHPSESSID=2apm4l679os6t8hsc60ncqj527; monitor_count=39',
  'accept-language' => 'zh-CN,zh;q=0.8',
  'accept-encoding' => 'gzip, deflate, sdch',
  'user-agent' => 'Mozilla/5.0 (Windows NT 6.1; WOW64) AppleWebKit/537.36 (KHTML, like Gecko) Chrome/55.0.2883.87 Safari/537.36',
  'connection' => 'close',
  'host' => 'admin.market_shop.com',
)
[ info ] [ PARAM ] array (
  '/static/Admin/bootstrap/css/bootstrap_css_map' => '',
  'bootstrap' => 'css',
)
[ info ] [ LOG ] INIT File
---------------------------------------------------------------
[ 2018-05-14T00:48:59+08:00 ] 127.0.0.1 GET /Category/index
[ info ] admin.market_shop.com/Category/index [运行时间：0.077005s][吞吐率：12.99req/s] [内存消耗：2,266.67kb] [文件加载：51]
[ info ] [ LANG ] D:\Servers\market_shop\thinkphp\lang\zh-cn.php
[ info ] [ BIND ] 'admin'
[ info ] [ ROUTE ] array (
  'type' => 'module',
  'module' => 
  array (
    0 => 'admin',
    1 => 'Category',
    2 => 'index',
  ),
)
[ info ] [ HEADER ] array (
  'cookie' => '__guid=132187614.2717094024985305600.1526123009477.758; market_key=13.0.19ef7e7ca6d5f8ea15098fe994b7b445; PHPSESSID=2apm4l679os6t8hsc60ncqj527; monitor_count=39',
  'accept-language' => 'zh-CN,zh;q=0.8',
  'accept-encoding' => 'gzip, deflate, sdch',
  'referer' => 'http://admin.market_shop.com/',
  'accept' => 'text/html,application/xhtml+xml,application/xml;q=0.9,image/webp,*/*;q=0.8',
  'user-agent' => 'Mozilla/5.0 (Windows NT 6.1; WOW64) AppleWebKit/537.36 (KHTML, like Gecko) Chrome/55.0.2883.87 Safari/537.36',
  'upgrade-insecure-requests' => '1',
  'cache-control' => 'max-age=0',
  'connection' => 'close',
  'host' => 'admin.market_shop.com',
)
[ info ] [ PARAM ] array (
  '/Category/index' => '',
)
[ info ] [ SESSION ] INIT array (
  'id' => '',
  'var_session_id' => '',
  'prefix' => 'think',
  'type' => '',
  'auto_start' => true,
)
[ info ] [ DB ] INIT mysql
[ info ] [ RUN ] app\admin\controller\Category->index[ D:\Servers\market_shop\application\admin\controller\Category.php ]
[ info ] [ VIEW ] D:\Servers\market_shop\public/../application/admin\view\category\index.html [ array (
  0 => 'myuser',
  1 => 'web',
  2 => 'category',
) ]
[ info ] [ LOG ] INIT File
[ sql ] [ DB ] CONNECT:[ UseTime:0.011001s ] mysql:host=127.0.0.1;port=3306;dbname=market_shop;charset=utf8
[ sql ] [ SQL ] SHOW COLUMNS FROM `o2o_user` [ RunTime:0.013000s ]
[ sql ] [ SQL ] SELECT * FROM `o2o_user` WHERE  `id` IN (1) LIMIT 1 [ RunTime:0.001000s ]
[ sql ] [ SQL ] SHOW COLUMNS FROM `o2o_category` [ RunTime:0.012001s ]
[ sql ] [ SQL ] SELECT * FROM `o2o_category` WHERE  `status` <> -1  AND `parent_id` = 0 ORDER BY `listorder` DESC,`id` DESC [ RunTime:0.001000s ]
---------------------------------------------------------------
[ 2018-05-14T00:48:59+08:00 ] 127.0.0.1 GET /static/Admin/bootstrap/css/bootstrap.css.map
[ info ] admin.market_shop.com/static/Admin/bootstrap/css/bootstrap.css.map [运行时间：0.021001s][吞吐率：47.62req/s] [内存消耗：851.52kb] [文件加载：31]
[ info ] [ LANG ] D:\Servers\market_shop\thinkphp\lang\zh-cn.php
[ info ] [ BIND ] 'admin'
[ info ] [ ROUTE ] array (
  'type' => 'module',
  'module' => 
  array (
    0 => 'admin',
    1 => 'static',
    2 => 'Admin',
  ),
)
[ info ] [ HEADER ] array (
  'cookie' => '__guid=132187614.2717094024985305600.1526123009477.758; market_key=13.0.19ef7e7ca6d5f8ea15098fe994b7b445; PHPSESSID=2apm4l679os6t8hsc60ncqj527; monitor_count=40',
  'accept-language' => 'zh-CN,zh;q=0.8',
  'accept-encoding' => 'gzip, deflate, sdch',
  'user-agent' => 'Mozilla/5.0 (Windows NT 6.1; WOW64) AppleWebKit/537.36 (KHTML, like Gecko) Chrome/55.0.2883.87 Safari/537.36',
  'connection' => 'close',
  'host' => 'admin.market_shop.com',
)
[ info ] [ PARAM ] array (
  '/static/Admin/bootstrap/css/bootstrap_css_map' => '',
  'bootstrap' => 'css',
)
[ info ] [ LOG ] INIT File
---------------------------------------------------------------
[ 2018-05-14T00:49:26+08:00 ] 127.0.0.1 GET /Category/index
[ info ] admin.market_shop.com/Category/index [运行时间：0.076004s][吞吐率：13.16req/s] [内存消耗：2,266.46kb] [文件加载：51]
[ info ] [ LANG ] D:\Servers\market_shop\thinkphp\lang\zh-cn.php
[ info ] [ BIND ] 'admin'
[ info ] [ ROUTE ] array (
  'type' => 'module',
  'module' => 
  array (
    0 => 'admin',
    1 => 'Category',
    2 => 'index',
  ),
)
[ info ] [ HEADER ] array (
  'cookie' => '__guid=132187614.2717094024985305600.1526123009477.758; market_key=13.0.19ef7e7ca6d5f8ea15098fe994b7b445; PHPSESSID=2apm4l679os6t8hsc60ncqj527; monitor_count=40',
  'accept-language' => 'zh-CN,zh;q=0.8',
  'accept-encoding' => 'gzip, deflate, sdch',
  'referer' => 'http://admin.market_shop.com/',
  'accept' => 'text/html,application/xhtml+xml,application/xml;q=0.9,image/webp,*/*;q=0.8',
  'user-agent' => 'Mozilla/5.0 (Windows NT 6.1; WOW64) AppleWebKit/537.36 (KHTML, like Gecko) Chrome/55.0.2883.87 Safari/537.36',
  'upgrade-insecure-requests' => '1',
  'cache-control' => 'max-age=0',
  'connection' => 'close',
  'host' => 'admin.market_shop.com',
)
[ info ] [ PARAM ] array (
  '/Category/index' => '',
)
[ info ] [ SESSION ] INIT array (
  'id' => '',
  'var_session_id' => '',
  'prefix' => 'think',
  'type' => '',
  'auto_start' => true,
)
[ info ] [ DB ] INIT mysql
[ info ] [ RUN ] app\admin\controller\Category->index[ D:\Servers\market_shop\application\admin\controller\Category.php ]
[ info ] [ VIEW ] D:\Servers\market_shop\public/../application/admin\view\category\index.html [ array (
  0 => 'myuser',
  1 => 'web',
  2 => 'category',
) ]
[ info ] [ LOG ] INIT File
[ sql ] [ DB ] CONNECT:[ UseTime:0.011001s ] mysql:host=127.0.0.1;port=3306;dbname=market_shop;charset=utf8
[ sql ] [ SQL ] SHOW COLUMNS FROM `o2o_user` [ RunTime:0.012001s ]
[ sql ] [ SQL ] SELECT * FROM `o2o_user` WHERE  `id` IN (1) LIMIT 1 [ RunTime:0.001000s ]
[ sql ] [ SQL ] SHOW COLUMNS FROM `o2o_category` [ RunTime:0.012001s ]
[ sql ] [ SQL ] SELECT * FROM `o2o_category` WHERE  `status` <> -1  AND `parent_id` = 0 ORDER BY `listorder` DESC,`id` DESC [ RunTime:0.001000s ]
---------------------------------------------------------------
[ 2018-05-14T00:49:26+08:00 ] 127.0.0.1 GET /static/Admin/bootstrap/css/bootstrap.css.map
[ info ] admin.market_shop.com/static/Admin/bootstrap/css/bootstrap.css.map [运行时间：0.019001s][吞吐率：52.63req/s] [内存消耗：851.52kb] [文件加载：31]
[ info ] [ LANG ] D:\Servers\market_shop\thinkphp\lang\zh-cn.php
[ info ] [ BIND ] 'admin'
[ info ] [ ROUTE ] array (
  'type' => 'module',
  'module' => 
  array (
    0 => 'admin',
    1 => 'static',
    2 => 'Admin',
  ),
)
[ info ] [ HEADER ] array (
  'cookie' => '__guid=132187614.2717094024985305600.1526123009477.758; market_key=13.0.19ef7e7ca6d5f8ea15098fe994b7b445; PHPSESSID=2apm4l679os6t8hsc60ncqj527; monitor_count=41',
  'accept-language' => 'zh-CN,zh;q=0.8',
  'accept-encoding' => 'gzip, deflate, sdch',
  'user-agent' => 'Mozilla/5.0 (Windows NT 6.1; WOW64) AppleWebKit/537.36 (KHTML, like Gecko) Chrome/55.0.2883.87 Safari/537.36',
  'connection' => 'close',
  'host' => 'admin.market_shop.com',
)
[ info ] [ PARAM ] array (
  '/static/Admin/bootstrap/css/bootstrap_css_map' => '',
  'bootstrap' => 'css',
)
[ info ] [ LOG ] INIT File
---------------------------------------------------------------
[ 2018-05-14T00:50:30+08:00 ] 127.0.0.1 GET /Category/index
[ info ] admin.market_shop.com/Category/index [运行时间：0.075004s][吞吐率：13.33req/s] [内存消耗：2,266.66kb] [文件加载：51]
[ info ] [ LANG ] D:\Servers\market_shop\thinkphp\lang\zh-cn.php
[ info ] [ BIND ] 'admin'
[ info ] [ ROUTE ] array (
  'type' => 'module',
  'module' => 
  array (
    0 => 'admin',
    1 => 'Category',
    2 => 'index',
  ),
)
[ info ] [ HEADER ] array (
  'cookie' => '__guid=132187614.2717094024985305600.1526123009477.758; market_key=13.0.19ef7e7ca6d5f8ea15098fe994b7b445; PHPSESSID=2apm4l679os6t8hsc60ncqj527; monitor_count=41',
  'accept-language' => 'zh-CN,zh;q=0.8',
  'accept-encoding' => 'gzip, deflate, sdch',
  'referer' => 'http://admin.market_shop.com/',
  'accept' => 'text/html,application/xhtml+xml,application/xml;q=0.9,image/webp,*/*;q=0.8',
  'user-agent' => 'Mozilla/5.0 (Windows NT 6.1; WOW64) AppleWebKit/537.36 (KHTML, like Gecko) Chrome/55.0.2883.87 Safari/537.36',
  'upgrade-insecure-requests' => '1',
  'cache-control' => 'max-age=0',
  'connection' => 'close',
  'host' => 'admin.market_shop.com',
)
[ info ] [ PARAM ] array (
  '/Category/index' => '',
)
[ info ] [ SESSION ] INIT array (
  'id' => '',
  'var_session_id' => '',
  'prefix' => 'think',
  'type' => '',
  'auto_start' => true,
)
[ info ] [ DB ] INIT mysql
[ info ] [ RUN ] app\admin\controller\Category->index[ D:\Servers\market_shop\application\admin\controller\Category.php ]
[ info ] [ VIEW ] D:\Servers\market_shop\public/../application/admin\view\category\index.html [ array (
  0 => 'myuser',
  1 => 'web',
  2 => 'category',
) ]
[ info ] [ LOG ] INIT File
[ sql ] [ DB ] CONNECT:[ UseTime:0.010000s ] mysql:host=127.0.0.1;port=3306;dbname=market_shop;charset=utf8
[ sql ] [ SQL ] SHOW COLUMNS FROM `o2o_user` [ RunTime:0.012001s ]
[ sql ] [ SQL ] SELECT * FROM `o2o_user` WHERE  `id` IN (1) LIMIT 1 [ RunTime:0.001000s ]
[ sql ] [ SQL ] SHOW COLUMNS FROM `o2o_category` [ RunTime:0.013001s ]
[ sql ] [ SQL ] SELECT * FROM `o2o_category` WHERE  `status` <> -1  AND `parent_id` = 0 ORDER BY `listorder` DESC,`id` DESC [ RunTime:0.001000s ]
---------------------------------------------------------------
[ 2018-05-14T00:50:30+08:00 ] 127.0.0.1 GET /static/Admin/bootstrap/css/bootstrap.css.map
[ info ] admin.market_shop.com/static/Admin/bootstrap/css/bootstrap.css.map [运行时间：0.017001s][吞吐率：58.82req/s] [内存消耗：851.52kb] [文件加载：31]
[ info ] [ LANG ] D:\Servers\market_shop\thinkphp\lang\zh-cn.php
[ info ] [ BIND ] 'admin'
[ info ] [ ROUTE ] array (
  'type' => 'module',
  'module' => 
  array (
    0 => 'admin',
    1 => 'static',
    2 => 'Admin',
  ),
)
[ info ] [ HEADER ] array (
  'cookie' => '__guid=132187614.2717094024985305600.1526123009477.758; market_key=13.0.19ef7e7ca6d5f8ea15098fe994b7b445; PHPSESSID=2apm4l679os6t8hsc60ncqj527; monitor_count=42',
  'accept-language' => 'zh-CN,zh;q=0.8',
  'accept-encoding' => 'gzip, deflate, sdch',
  'user-agent' => 'Mozilla/5.0 (Windows NT 6.1; WOW64) AppleWebKit/537.36 (KHTML, like Gecko) Chrome/55.0.2883.87 Safari/537.36',
  'connection' => 'close',
  'host' => 'admin.market_shop.com',
)
[ info ] [ PARAM ] array (
  '/static/Admin/bootstrap/css/bootstrap_css_map' => '',
  'bootstrap' => 'css',
)
[ info ] [ LOG ] INIT File
---------------------------------------------------------------
[ 2018-05-14T00:50:37+08:00 ] 127.0.0.1 GET /Setting/getCombind/comid/
[ info ] admin.market_shop.com/Setting/getCombind/comid/ [运行时间：0.018001s][吞吐率：55.55req/s] [内存消耗：852.13kb] [文件加载：31]
[ info ] [ LANG ] D:\Servers\market_shop\thinkphp\lang\zh-cn.php
[ info ] [ BIND ] 'admin'
[ info ] [ ROUTE ] array (
  'type' => 'module',
  'module' => 
  array (
    0 => 'admin',
    1 => 'Setting',
    2 => 'getCombind',
  ),
)
[ info ] [ HEADER ] array (
  'cookie' => '__guid=132187614.2717094024985305600.1526123009477.758; market_key=13.0.19ef7e7ca6d5f8ea15098fe994b7b445; PHPSESSID=2apm4l679os6t8hsc60ncqj527; monitor_count=42',
  'accept-language' => 'zh-CN,zh;q=0.8',
  'accept-encoding' => 'gzip, deflate, sdch',
  'referer' => 'http://admin.market_shop.com/Category/index',
  'user-agent' => 'Mozilla/5.0 (Windows NT 6.1; WOW64) AppleWebKit/537.36 (KHTML, like Gecko) Chrome/55.0.2883.87 Safari/537.36',
  'x-requested-with' => 'XMLHttpRequest',
  'accept' => 'text/html, */*; q=0.01',
  'connection' => 'close',
  'host' => 'admin.market_shop.com',
)
[ info ] [ PARAM ] array (
  '/Setting/getCombind/comid/' => '',
)
[ info ] [ LOG ] INIT File
---------------------------------------------------------------
[ 2018-05-14T00:51:33+08:00 ] 127.0.0.1 GET /Category/index
[ info ] admin.market_shop.com/Category/index [运行时间：0.064003s][吞吐率：15.62req/s] [内存消耗：2,263.96kb] [文件加载：51]
[ info ] [ LANG ] D:\Servers\market_shop\thinkphp\lang\zh-cn.php
[ info ] [ BIND ] 'admin'
[ info ] [ ROUTE ] array (
  'type' => 'module',
  'module' => 
  array (
    0 => 'admin',
    1 => 'Category',
    2 => 'index',
  ),
)
[ info ] [ HEADER ] array (
  'cookie' => '__guid=132187614.2717094024985305600.1526123009477.758; market_key=13.0.19ef7e7ca6d5f8ea15098fe994b7b445; PHPSESSID=2apm4l679os6t8hsc60ncqj527; monitor_count=42',
  'accept-language' => 'zh-CN,zh;q=0.8',
  'accept-encoding' => 'gzip, deflate, sdch',
  'referer' => 'http://admin.market_shop.com/',
  'accept' => 'text/html,application/xhtml+xml,application/xml;q=0.9,image/webp,*/*;q=0.8',
  'user-agent' => 'Mozilla/5.0 (Windows NT 6.1; WOW64) AppleWebKit/537.36 (KHTML, like Gecko) Chrome/55.0.2883.87 Safari/537.36',
  'upgrade-insecure-requests' => '1',
  'cache-control' => 'max-age=0',
  'connection' => 'close',
  'host' => 'admin.market_shop.com',
)
[ info ] [ PARAM ] array (
  '/Category/index' => '',
)
[ info ] [ SESSION ] INIT array (
  'id' => '',
  'var_session_id' => '',
  'prefix' => 'think',
  'type' => '',
  'auto_start' => true,
)
[ info ] [ DB ] INIT mysql
[ info ] [ RUN ] app\admin\controller\Category->index[ D:\Servers\market_shop\application\admin\controller\Category.php ]
[ info ] [ VIEW ] D:\Servers\market_shop\public/../application/admin\view\category\index.html [ array (
  0 => 'myuser',
  1 => 'web',
  2 => 'category',
) ]
[ info ] [ LOG ] INIT File
[ sql ] [ DB ] CONNECT:[ UseTime:0.002000s ] mysql:host=127.0.0.1;port=3306;dbname=market_shop;charset=utf8
[ sql ] [ SQL ] SHOW COLUMNS FROM `o2o_user` [ RunTime:0.012001s ]
[ sql ] [ SQL ] SELECT * FROM `o2o_user` WHERE  `id` IN (1) LIMIT 1 [ RunTime:0.000000s ]
[ sql ] [ SQL ] SHOW COLUMNS FROM `o2o_category` [ RunTime:0.013001s ]
[ sql ] [ SQL ] SELECT * FROM `o2o_category` WHERE  `status` <> -1  AND `parent_id` = 0 ORDER BY `listorder` DESC,`id` DESC [ RunTime:0.000000s ]
---------------------------------------------------------------
[ 2018-05-14T00:51:34+08:00 ] 127.0.0.1 GET /Category/getCategory
[ info ] admin.market_shop.com/Category/getCategory [运行时间：0.049003s][吞吐率：20.41req/s] [内存消耗：2,027.97kb] [文件加载：49]
[ info ] [ LANG ] D:\Servers\market_shop\thinkphp\lang\zh-cn.php
[ info ] [ BIND ] 'admin'
[ info ] [ ROUTE ] array (
  'type' => 'module',
  'module' => 
  array (
    0 => 'admin',
    1 => 'Category',
    2 => 'getCategory',
  ),
)
[ info ] [ HEADER ] array (
  'cookie' => '__guid=132187614.2717094024985305600.1526123009477.758; market_key=13.0.19ef7e7ca6d5f8ea15098fe994b7b445; PHPSESSID=2apm4l679os6t8hsc60ncqj527; monitor_count=43',
  'accept-language' => 'zh-CN,zh;q=0.8',
  'accept-encoding' => 'gzip, deflate, sdch',
  'referer' => 'http://admin.market_shop.com/Category/index',
  'user-agent' => 'Mozilla/5.0 (Windows NT 6.1; WOW64) AppleWebKit/537.36 (KHTML, like Gecko) Chrome/55.0.2883.87 Safari/537.36',
  'x-requested-with' => 'XMLHttpRequest',
  'accept' => 'text/html, */*; q=0.01',
  'connection' => 'close',
  'host' => 'admin.market_shop.com',
)
[ info ] [ PARAM ] array (
  '/Category/getCategory' => '',
)
[ info ] [ SESSION ] INIT array (
  'id' => '',
  'var_session_id' => '',
  'prefix' => 'think',
  'type' => '',
  'auto_start' => true,
)
[ info ] [ DB ] INIT mysql
[ info ] [ LOG ] INIT File
[ sql ] [ DB ] CONNECT:[ UseTime:0.003000s ] mysql:host=127.0.0.1;port=3306;dbname=market_shop;charset=utf8
[ sql ] [ SQL ] SHOW COLUMNS FROM `o2o_user` [ RunTime:0.013000s ]
[ sql ] [ SQL ] SELECT * FROM `o2o_user` WHERE  `id` IN (1) LIMIT 1 [ RunTime:0.001000s ]
---------------------------------------------------------------
[ 2018-05-14T00:51:38+08:00 ] 127.0.0.1 GET /static/Admin/bootstrap/css/bootstrap.css.map
[ info ] admin.market_shop.com/static/Admin/bootstrap/css/bootstrap.css.map [运行时间：0.015001s][吞吐率：66.66req/s] [内存消耗：851.52kb] [文件加载：31]
[ info ] [ LANG ] D:\Servers\market_shop\thinkphp\lang\zh-cn.php
[ info ] [ BIND ] 'admin'
[ info ] [ ROUTE ] array (
  'type' => 'module',
  'module' => 
  array (
    0 => 'admin',
    1 => 'static',
    2 => 'Admin',
  ),
)
[ info ] [ HEADER ] array (
  'cookie' => '__guid=132187614.2717094024985305600.1526123009477.758; market_key=13.0.19ef7e7ca6d5f8ea15098fe994b7b445; PHPSESSID=2apm4l679os6t8hsc60ncqj527; monitor_count=43',
  'accept-language' => 'zh-CN,zh;q=0.8',
  'accept-encoding' => 'gzip, deflate, sdch',
  'user-agent' => 'Mozilla/5.0 (Windows NT 6.1; WOW64) AppleWebKit/537.36 (KHTML, like Gecko) Chrome/55.0.2883.87 Safari/537.36',
  'connection' => 'close',
  'host' => 'admin.market_shop.com',
)
[ info ] [ PARAM ] array (
  '/static/Admin/bootstrap/css/bootstrap_css_map' => '',
  'bootstrap' => 'css',
)
[ info ] [ LOG ] INIT File
---------------------------------------------------------------
[ 2018-05-14T00:52:00+08:00 ] 127.0.0.1 GET /Category/index
[ info ] admin.market_shop.com/Category/index [运行时间：0.065004s][吞吐率：15.38req/s] [内存消耗：2,163.33kb] [文件加载：52]
[ info ] [ LANG ] D:\Servers\market_shop\thinkphp\lang\zh-cn.php
[ info ] [ BIND ] 'admin'
[ info ] [ ROUTE ] array (
  'type' => 'module',
  'module' => 
  array (
    0 => 'admin',
    1 => 'Category',
    2 => 'index',
  ),
)
[ info ] [ HEADER ] array (
  'cookie' => '__guid=132187614.2717094024985305600.1526123009477.758; market_key=13.0.19ef7e7ca6d5f8ea15098fe994b7b445; PHPSESSID=2apm4l679os6t8hsc60ncqj527; monitor_count=43',
  'accept-language' => 'zh-CN,zh;q=0.8',
  'accept-encoding' => 'gzip, deflate, sdch',
  'referer' => 'http://admin.market_shop.com/',
  'accept' => 'text/html,application/xhtml+xml,application/xml;q=0.9,image/webp,*/*;q=0.8',
  'user-agent' => 'Mozilla/5.0 (Windows NT 6.1; WOW64) AppleWebKit/537.36 (KHTML, like Gecko) Chrome/55.0.2883.87 Safari/537.36',
  'upgrade-insecure-requests' => '1',
  'cache-control' => 'max-age=0',
  'connection' => 'close',
  'host' => 'admin.market_shop.com',
)
[ info ] [ PARAM ] array (
  '/Category/index' => '',
)
[ info ] [ SESSION ] INIT array (
  'id' => '',
  'var_session_id' => '',
  'prefix' => 'think',
  'type' => '',
  'auto_start' => true,
)
[ info ] [ DB ] INIT mysql
[ info ] [ RUN ] app\admin\controller\Category->index[ D:\Servers\market_shop\application\admin\controller\Category.php ]
[ info ] [ VIEW ] D:\Servers\market_shop\public/../application/admin\view\category\index.html [ array (
  0 => 'myuser',
  1 => 'web',
  2 => 'category',
) ]
[ info ] [ LOG ] INIT File
[ sql ] [ DB ] CONNECT:[ UseTime:0.002000s ] mysql:host=127.0.0.1;port=3306;dbname=market_shop;charset=utf8
[ sql ] [ SQL ] SHOW COLUMNS FROM `o2o_user` [ RunTime:0.012000s ]
[ sql ] [ SQL ] SELECT * FROM `o2o_user` WHERE  `id` IN (1) LIMIT 1 [ RunTime:0.001001s ]
[ sql ] [ SQL ] SHOW COLUMNS FROM `o2o_category` [ RunTime:0.012000s ]
[ sql ] [ SQL ] SELECT * FROM `o2o_category` WHERE  `status` <> -1  AND `parent_id` = 0 ORDER BY `listorder` DESC,`id` DESC [ RunTime:0.001000s ]
---------------------------------------------------------------
[ 2018-05-14T00:52:48+08:00 ] 127.0.0.1 GET /Category/index
[ info ] admin.market_shop.com/Category/index [运行时间：0.072004s][吞吐率：13.89req/s] [内存消耗：2,174.75kb] [文件加载：53]
[ info ] [ LANG ] D:\Servers\market_shop\thinkphp\lang\zh-cn.php
[ info ] [ BIND ] 'admin'
[ info ] [ ROUTE ] array (
  'type' => 'module',
  'module' => 
  array (
    0 => 'admin',
    1 => 'Category',
    2 => 'index',
  ),
)
[ info ] [ HEADER ] array (
  'cookie' => 'thinkphp_show_page_trace=0|0; __guid=132187614.2717094024985305600.1526123009477.758; market_key=13.0.19ef7e7ca6d5f8ea15098fe994b7b445; PHPSESSID=2apm4l679os6t8hsc60ncqj527; monitor_count=44',
  'accept-language' => 'zh-CN,zh;q=0.8',
  'accept-encoding' => 'gzip, deflate, sdch',
  'referer' => 'http://admin.market_shop.com/',
  'accept' => 'text/html,application/xhtml+xml,application/xml;q=0.9,image/webp,*/*;q=0.8',
  'user-agent' => 'Mozilla/5.0 (Windows NT 6.1; WOW64) AppleWebKit/537.36 (KHTML, like Gecko) Chrome/55.0.2883.87 Safari/537.36',
  'upgrade-insecure-requests' => '1',
  'cache-control' => 'max-age=0',
  'connection' => 'close',
  'host' => 'admin.market_shop.com',
)
[ info ] [ PARAM ] array (
  '/Category/index' => '',
)
[ info ] [ SESSION ] INIT array (
  'id' => '',
  'var_session_id' => '',
  'prefix' => 'think',
  'type' => '',
  'auto_start' => true,
)
[ info ] [ DB ] INIT mysql
[ info ] [ RUN ] app\admin\controller\Category->index[ D:\Servers\market_shop\application\admin\controller\Category.php ]
[ info ] [ VIEW ] D:\Servers\market_shop\public/../application/admin\view\category\index.html [ array (
  0 => 'myuser',
  1 => 'web',
  2 => 'category',
) ]
[ info ] [ LOG ] INIT File
[ sql ] [ DB ] CONNECT:[ UseTime:0.008001s ] mysql:host=127.0.0.1;port=3306;dbname=market_shop;charset=utf8
[ sql ] [ SQL ] SHOW COLUMNS FROM `o2o_user` [ RunTime:0.012000s ]
[ sql ] [ SQL ] SELECT * FROM `o2o_user` WHERE  `id` IN (1) LIMIT 1 [ RunTime:0.000000s ]
[ sql ] [ SQL ] SHOW COLUMNS FROM `o2o_category` [ RunTime:0.012000s ]
[ sql ] [ SQL ] SELECT * FROM `o2o_category` WHERE  `status` <> -1  AND `parent_id` = 0 ORDER BY `listorder` DESC,`id` DESC [ RunTime:0.000000s ]
---------------------------------------------------------------
[ 2018-05-14T00:52:49+08:00 ] 127.0.0.1 GET /Category/index
[ info ] admin.market_shop.com/Category/index [运行时间：0.075004s][吞吐率：13.33req/s] [内存消耗：2,174.87kb] [文件加载：53]
[ info ] [ LANG ] D:\Servers\market_shop\thinkphp\lang\zh-cn.php
[ info ] [ BIND ] 'admin'
[ info ] [ ROUTE ] array (
  'type' => 'module',
  'module' => 
  array (
    0 => 'admin',
    1 => 'Category',
    2 => 'index',
  ),
)
[ info ] [ HEADER ] array (
  'cookie' => 'thinkphp_show_page_trace=0|0; __guid=132187614.2717094024985305600.1526123009477.758; market_key=13.0.19ef7e7ca6d5f8ea15098fe994b7b445; PHPSESSID=2apm4l679os6t8hsc60ncqj527; monitor_count=45',
  'accept-language' => 'zh-CN,zh;q=0.8',
  'accept-encoding' => 'gzip, deflate, sdch',
  'referer' => 'http://admin.market_shop.com/',
  'accept' => 'text/html,application/xhtml+xml,application/xml;q=0.9,image/webp,*/*;q=0.8',
  'user-agent' => 'Mozilla/5.0 (Windows NT 6.1; WOW64) AppleWebKit/537.36 (KHTML, like Gecko) Chrome/55.0.2883.87 Safari/537.36',
  'upgrade-insecure-requests' => '1',
  'cache-control' => 'max-age=0',
  'connection' => 'close',
  'host' => 'admin.market_shop.com',
)
[ info ] [ PARAM ] array (
  '/Category/index' => '',
)
[ info ] [ SESSION ] INIT array (
  'id' => '',
  'var_session_id' => '',
  'prefix' => 'think',
  'type' => '',
  'auto_start' => true,
)
[ info ] [ DB ] INIT mysql
[ info ] [ RUN ] app\admin\controller\Category->index[ D:\Servers\market_shop\application\admin\controller\Category.php ]
[ info ] [ VIEW ] D:\Servers\market_shop\public/../application/admin\view\category\index.html [ array (
  0 => 'myuser',
  1 => 'web',
  2 => 'category',
) ]
[ info ] [ LOG ] INIT File
[ sql ] [ DB ] CONNECT:[ UseTime:0.010000s ] mysql:host=127.0.0.1;port=3306;dbname=market_shop;charset=utf8
[ sql ] [ SQL ] SHOW COLUMNS FROM `o2o_user` [ RunTime:0.012001s ]
[ sql ] [ SQL ] SELECT * FROM `o2o_user` WHERE  `id` IN (1) LIMIT 1 [ RunTime:0.001000s ]
[ sql ] [ SQL ] SHOW COLUMNS FROM `o2o_category` [ RunTime:0.012001s ]
[ sql ] [ SQL ] SELECT * FROM `o2o_category` WHERE  `status` <> -1  AND `parent_id` = 0 ORDER BY `listorder` DESC,`id` DESC [ RunTime:0.000000s ]
